c:\users\nunzio tocci\repos\postage\visualstudio\envelope\release\posix_win.obj
c:\users\nunzio tocci\repos\postage\visualstudio\envelope\release\bsd-asprintf.obj
c:\users\nunzio tocci\repos\postage\visualstudio\envelope\release\db_framework.obj
c:\users\nunzio tocci\repos\postage\visualstudio\envelope\release\ws_update.obj
c:\users\nunzio tocci\repos\postage\visualstudio\envelope\release\ws_select.obj
c:\users\nunzio tocci\repos\postage\visualstudio\envelope\release\ws_insert.obj
c:\users\nunzio tocci\repos\postage\visualstudio\envelope\release\ws_delete.obj
c:\users\nunzio tocci\repos\postage\visualstudio\envelope\release\http_upload.obj
c:\users\nunzio tocci\repos\postage\visualstudio\envelope\release\http_main.obj
c:\users\nunzio tocci\repos\postage\visualstudio\envelope\release\http_file.obj
c:\users\nunzio tocci\repos\postage\visualstudio\envelope\release\http_export.obj
c:\users\nunzio tocci\repos\postage\visualstudio\envelope\release\http_ev.obj
c:\users\nunzio tocci\repos\postage\visualstudio\envelope\release\http_auth.obj
c:\users\nunzio tocci\repos\postage\visualstudio\envelope\release\common_websocket.obj
c:\users\nunzio tocci\repos\postage\visualstudio\envelope\release\common_util_sql.obj
c:\users\nunzio tocci\repos\postage\visualstudio\envelope\release\common_server.obj
c:\users\nunzio tocci\repos\postage\visualstudio\envelope\release\common_main.obj
c:\users\nunzio tocci\repos\postage\visualstudio\envelope\release\common_config.obj
c:\users\nunzio tocci\repos\postage\visualstudio\envelope\release\common_client.obj
c:\users\nunzio tocci\repos\postage\visualstudio\envelope\release\common_auth.obj
c:\users\nunzio tocci\repos\postage\visualstudio\envelope\release\ws_file.obj
c:\users\nunzio tocci\repos\postage\visualstudio\envelope\release\ws_action.obj
c:\users\nunzio tocci\repos\postage\visualstudio\envelope\release\http_update.obj
c:\users\nunzio tocci\repos\postage\visualstudio\envelope\release\http_select.obj
c:\users\nunzio tocci\repos\postage\visualstudio\envelope\release\http_insert.obj
c:\users\nunzio tocci\repos\postage\visualstudio\envelope\release\http_delete.obj
c:\users\nunzio tocci\repos\postage\visualstudio\envelope\release\http_action.obj
c:\users\nunzio tocci\repos\postage\visualstudio\envelope\release\http_accept.obj
c:\users\nunzio tocci\repos\postage\visualstudio\envelope\release\xmalloc.obj
c:\users\nunzio tocci\repos\postage\visualstudio\envelope\release\tre-stack.obj
c:\users\nunzio tocci\repos\postage\visualstudio\envelope\release\tre-parse.obj
c:\users\nunzio tocci\repos\postage\visualstudio\envelope\release\tre-mem.obj
c:\users\nunzio tocci\repos\postage\visualstudio\envelope\release\tre-match-parallel.obj
c:\users\nunzio tocci\repos\postage\visualstudio\envelope\release\tre-match-backtrack.obj
c:\users\nunzio tocci\repos\postage\visualstudio\envelope\release\tre-filter.obj
c:\users\nunzio tocci\repos\postage\visualstudio\envelope\release\tre-compile.obj
c:\users\nunzio tocci\repos\postage\visualstudio\envelope\release\tre-ast.obj
c:\users\nunzio tocci\repos\postage\visualstudio\envelope\release\regexec.obj
c:\users\nunzio tocci\repos\postage\visualstudio\envelope\release\regerror.obj
c:\users\nunzio tocci\repos\postage\visualstudio\envelope\release\regcomp.obj
c:\users\nunzio tocci\repos\postage\visualstudio\envelope\release\util_strptime.obj
c:\users\nunzio tocci\repos\postage\visualstudio\envelope\release\util_string.obj
c:\users\nunzio tocci\repos\postage\visualstudio\envelope\release\util_sql_split.obj
c:\users\nunzio tocci\repos\postage\visualstudio\envelope\release\util_salloc.obj
c:\users\nunzio tocci\repos\postage\visualstudio\envelope\release\util_request.obj
c:\users\nunzio tocci\repos\postage\visualstudio\envelope\release\util_list.obj
c:\users\nunzio tocci\repos\postage\visualstudio\envelope\release\util_ini.obj
c:\users\nunzio tocci\repos\postage\visualstudio\envelope\release\util_idle.obj
c:\users\nunzio tocci\repos\postage\visualstudio\envelope\release\util_getopt.obj
c:\users\nunzio tocci\repos\postage\visualstudio\envelope\release\util_file.obj
c:\users\nunzio tocci\repos\postage\visualstudio\envelope\release\util_exec.obj
c:\users\nunzio tocci\repos\postage\visualstudio\envelope\release\util_error.obj
c:\users\nunzio tocci\repos\postage\visualstudio\envelope\release\util_darray.obj
c:\users\nunzio tocci\repos\postage\visualstudio\envelope\release\util_cookie.obj
c:\users\nunzio tocci\repos\postage\visualstudio\envelope\release\util_canonical.obj
c:\users\nunzio tocci\repos\postage\visualstudio\envelope\release\util_base64.obj
c:\users\nunzio tocci\repos\postage\visualstudio\envelope\release\util_aes.obj
c:\users\nunzio tocci\repos\postage\visualstudio\envelope\release\vc140.pdb
c:\users\nunzio tocci\repos\postage\visualstudio\release\envelope.exe
c:\users\nunzio tocci\repos\postage\visualstudio\release\envelope.ipdb
c:\users\nunzio tocci\repos\postage\visualstudio\release\envelope.iobj
c:\users\nunzio tocci\repos\postage\visualstudio\release\envelope.pdb
c:\users\nunzio tocci\repos\postage\visualstudio\envelope\release\envelope.tlog\cl.command.1.tlog
c:\users\nunzio tocci\repos\postage\visualstudio\envelope\release\envelope.tlog\cl.read.1.tlog
c:\users\nunzio tocci\repos\postage\visualstudio\envelope\release\envelope.tlog\cl.write.1.tlog
c:\users\nunzio tocci\repos\postage\visualstudio\envelope\release\envelope.tlog\link.command.1.tlog
c:\users\nunzio tocci\repos\postage\visualstudio\envelope\release\envelope.tlog\link.read.1.tlog
c:\users\nunzio tocci\repos\postage\visualstudio\envelope\release\envelope.tlog\link.write.1.tlog
