  common_auth.c
  common_client.c
..\..\common\common_client.c(249): warning C4022: 'DuplicateHandle': pointer mismatch for actual parameter 2
..\..\common\common_client.c(249): warning C4047: 'function': 'intptr_t' differs in levels of indirection from 'HANDLE'
..\..\common\common_client.c(249): warning C4024: '_open_osfhandle': different types for formal and actual parameter 1
..\..\common\common_client.c(653): warning C4477: '_snprintf' : format string '%08zx' requires an argument of type 'unsigned int', but variadic argument 1 has type 'uint64_t'
  ..\..\common\common_client.c(653): note: consider using '%llx' in the format string
  ..\..\common\common_client.c(653): note: consider using '%I64x' in the format string
..\..\common\common_client.c(770): warning C4244: '+=': conversion from 'uint64_t' to 'std::size_t', possible loss of data
..\..\common\common_client.c(772): warning C4244: 'function': conversion from 'uint64_t' to 'std::size_t', possible loss of data
..\..\common\common_client.c(783): warning C4244: '+=': conversion from 'uint64_t' to 'std::size_t', possible loss of data
..\..\common\common_client.c(785): warning C4244: 'function': conversion from 'uint64_t' to 'std::size_t', possible loss of data
  common_config.c
  common_main.c
c:\users\nunzio\repos\postage\common\../dependencies/libev/ev.c(205): warning C4005: 'WIN32_LEAN_AND_MEAN': macro redefinition
  c:\users\nunzio\repos\postage\common\../dependencies/libev/ev.c(205): note: command-line arguments:  see previous definition of 'WIN32_LEAN_AND_MEAN'
c:\users\nunzio\repos\postage\common\../dependencies/libev/ev.c(969): warning C4244: 'function': conversion from 'uint64_t' to 'uint32_t', possible loss of data
c:\users\nunzio\repos\postage\common\../dependencies/libev/ev.c(1017): warning C4244: 'function': conversion from 'uint64_t' to 'uint32_t', possible loss of data
c:\users\nunzio\repos\postage\common\../dependencies/libev/ev.c(1063): warning C4244: 'function': conversion from 'uint64_t' to 'uint32_t', possible loss of data
c:\users\nunzio\repos\postage\common\../dependencies/libev/ev.c(2091): warning C4101: 'arg': unreferenced local variable
c:\users\nunzio\repos\postage\common\../dependencies/libev/ev.c(2476): warning C4133: '=': incompatible types - from 'WSABUF *' to 'CHAR *'
c:\users\nunzio\repos\postage\dependencies\libev\ev_select.c(200): warning C4244: 'initializing': conversion from 'ev_tstamp' to 'unsigned long', possible loss of data
  common_server.c
  common_util_sql.c
  common_websocket.c
..\..\common\common_websocket.c(178): warning C4244: 'function': conversion from 'uint64_t' to 'std::size_t', possible loss of data
..\..\common\common_websocket.c(189): warning C4244: 'function': conversion from 'uint64_t' to 'std::size_t', possible loss of data
..\..\common\common_websocket.c(305): warning C4244: 'function': conversion from 'uint64_t' to 'std::size_t', possible loss of data
..\..\common\common_websocket.c(335): warning C4244: 'function': conversion from 'uint64_t' to 'std::size_t', possible loss of data
..\..\common\common_websocket.c(389): warning C4244: 'function': conversion from 'uint64_t' to 'std::size_t', possible loss of data
  http_auth.c
  http_ev.c
  http_export.c
  http_file.c
  http_main.c
  http_upload.c
  ws_delete.c
..\..\common\ws_delete.c(472): warning C4244: '=': conversion from 'uint64_t' to 'std::size_t', possible loss of data
  ws_insert.c
..\..\common\ws_insert.c(467): warning C4244: '=': conversion from 'uint64_t' to 'std::size_t', possible loss of data
  ws_select.c
  ws_update.c
..\..\common\ws_update.c(526): warning C4244: '=': conversion from 'uint64_t' to 'std::size_t', possible loss of data
  db_framework.c
..\..\db_framework_pq\db_framework.c(87): warning C4022: 'DuplicateHandle': pointer mismatch for actual parameter 2
..\..\db_framework_pq\db_framework.c(87): warning C4047: 'function': 'intptr_t' differs in levels of indirection from 'HANDLE'
..\..\db_framework_pq\db_framework.c(87): warning C4024: '_open_osfhandle': different types for formal and actual parameter 1
  http_accept.c
  http_action.c
  Compiling...
  http_delete.c
  http_insert.c
  http_select.c
  http_update.c
  ws_action.c
  ws_file.c
  util_base64.c
  util_cookie.c
  util_exec.c
  util_file.c
  util_idle.c
  Generating code
c:\users\nunzio\repos\postage\common\common_client.c(1866): warning C4716: 'client_close_close_cnxn_cb': must return a value
  155 of 519 functions (29.9%) were compiled, the rest were copied from previous compilation.
    3 functions were new in current compilation
    61 functions had inline decision re-evaluated but remain unchanged
  Finished generating code
  envelope.vcxproj -> C:\Users\nunzio\Repos\postage\visualstudio\Release\envelope.exe
  envelope.vcxproj -> C:\Users\nunzio\Repos\postage\visualstudio\Release\envelope.pdb (Full PDB)
