  util_strptime.c
  util_string.c
  util_sql_split.c
  util_salloc.c
  util_request.c
  util_list.c
  util_ini.c
  util_idle.c
  util_getopt.c
  util_file.c
  util_exec.c
  util_error.c
  util_darray.c
  util_cookie.c
  util_canonical.c
  util_base64.c
  util_aes.c
  ws_file.c
  ws_action.c
  http_update.c
  Generating Code...
  Compiling...
  http_select.c
  http_insert.c
  http_delete.c
  http_action.c
  http_accept.c
  xmalloc.c
  tre-stack.c
  tre-parse.c
  tre-mem.c
  tre-match-parallel.c
  tre-match-backtrack.c
  tre-filter.c
  tre-compile.c
  tre-ast.c
  regexec.c
  regerror.c
  regcomp.c
  posix_win.c
c:\users\nunzio tocci\repos\postage\dependencies\libressl\crypto\compat\posix_win.c(59): warning C4133: 'function': incompatible types - from 'const char *' to 'LPCWSTR'
  bsd-asprintf.c
  db_framework.c
c:\users\nunzio tocci\repos\postage\db_framework_pq\db_framework.c(72): warning C4022: 'DuplicateHandle': pointer mismatch for actual parameter 2
c:\users\nunzio tocci\repos\postage\db_framework_pq\db_framework.c(72): warning C4047: 'function': 'intptr_t' differs in levels of indirection from 'HANDLE'
c:\users\nunzio tocci\repos\postage\db_framework_pq\db_framework.c(72): warning C4024: '_open_osfhandle': different types for formal and actual parameter 1
  Generating Code...
  Compiling...
  ws_update.c
c:\users\nunzio tocci\repos\postage\common\ws_update.c(355): warning C4244: '=': conversion from 'uint64_t' to 'std::size_t', possible loss of data
  ws_select.c
  ws_insert.c
c:\users\nunzio tocci\repos\postage\common\ws_insert.c(324): warning C4244: '=': conversion from 'uint64_t' to 'std::size_t', possible loss of data
  ws_delete.c
c:\users\nunzio tocci\repos\postage\common\ws_delete.c(330): warning C4244: '=': conversion from 'uint64_t' to 'std::size_t', possible loss of data
  http_upload.c
  http_main.c
  http_file.c
  http_export.c
  http_ev.c
  http_auth.c
  common_websocket.c
c:\users\nunzio tocci\repos\postage\common\common_websocket.c(169): warning C4244: 'function': conversion from 'uint64_t' to 'std::size_t', possible loss of data
c:\users\nunzio tocci\repos\postage\common\common_websocket.c(179): warning C4244: 'function': conversion from 'uint64_t' to 'std::size_t', possible loss of data
c:\users\nunzio tocci\repos\postage\common\common_websocket.c(291): warning C4244: 'function': conversion from 'uint64_t' to 'std::size_t', possible loss of data
c:\users\nunzio tocci\repos\postage\common\common_websocket.c(321): warning C4244: 'function': conversion from 'uint64_t' to 'std::size_t', possible loss of data
c:\users\nunzio tocci\repos\postage\common\common_websocket.c(375): warning C4244: 'function': conversion from 'uint64_t' to 'std::size_t', possible loss of data
  common_util_sql.c
  common_server.c
  common_main.c
c:\users\nunzio tocci\repos\postage\dependencies\libev\ev.c(205): warning C4005: 'WIN32_LEAN_AND_MEAN': macro redefinition
  c:\users\nunzio tocci\repos\postage\dependencies\libev\ev.c(205): note: command-line arguments:  see previous definition of 'WIN32_LEAN_AND_MEAN'
c:\users\nunzio tocci\repos\postage\dependencies\libev\ev.c(969): warning C4244: 'function': conversion from 'uint64_t' to 'uint32_t', possible loss of data
c:\users\nunzio tocci\repos\postage\dependencies\libev\ev.c(1017): warning C4244: 'function': conversion from 'uint64_t' to 'uint32_t', possible loss of data
c:\users\nunzio tocci\repos\postage\dependencies\libev\ev.c(1063): warning C4244: 'function': conversion from 'uint64_t' to 'uint32_t', possible loss of data
c:\users\nunzio tocci\repos\postage\dependencies\libev\ev.c(2476): warning C4133: '=': incompatible types - from 'WSABUF *' to 'CHAR *'
c:\users\nunzio tocci\repos\postage\dependencies\libev\ev_select.c(200): warning C4244: 'initializing': conversion from 'ev_tstamp' to 'unsigned long', possible loss of data
  common_config.c
  common_client.c
c:\users\nunzio tocci\repos\postage\common\common_client.c(20): warning C4090: '=': different 'const' qualifiers
c:\users\nunzio tocci\repos\postage\common\common_client.c(209): warning C4022: 'DuplicateHandle': pointer mismatch for actual parameter 2
c:\users\nunzio tocci\repos\postage\common\common_client.c(209): warning C4047: 'function': 'intptr_t' differs in levels of indirection from 'HANDLE'
c:\users\nunzio tocci\repos\postage\common\common_client.c(209): warning C4024: '_open_osfhandle': different types for formal and actual parameter 1
c:\users\nunzio tocci\repos\postage\common\common_client.c(687): warning C4244: '+=': conversion from 'uint64_t' to 'std::size_t', possible loss of data
c:\users\nunzio tocci\repos\postage\common\common_client.c(689): warning C4244: 'function': conversion from 'uint64_t' to 'std::size_t', possible loss of data
c:\users\nunzio tocci\repos\postage\common\common_client.c(700): warning C4244: '+=': conversion from 'uint64_t' to 'std::size_t', possible loss of data
c:\users\nunzio tocci\repos\postage\common\common_client.c(702): warning C4244: 'function': conversion from 'uint64_t' to 'std::size_t', possible loss of data
  common_auth.c
  Generating Code...
  envelope.vcxproj -> C:\Users\Nunzio Tocci\Repos\postage\visualstudio\Debug\envelope.exe
  envelope.vcxproj -> C:\Users\Nunzio Tocci\Repos\postage\visualstudio\Debug\envelope.pdb (Full PDB)
