  common_client.c
..\..\common\common_client.c(295): warning C4022: 'DuplicateHandle': pointer mismatch for actual parameter 2
..\..\common\common_client.c(295): warning C4047: 'function': 'intptr_t' differs in levels of indirection from 'HANDLE'
..\..\common\common_client.c(295): warning C4024: '_open_osfhandle': different types for formal and actual parameter 1
..\..\common\common_client.c(811): warning C4244: '+=': conversion from 'uint64_t' to 'std::size_t', possible loss of data
..\..\common\common_client.c(813): warning C4244: 'function': conversion from 'uint64_t' to 'std::size_t', possible loss of data
..\..\common\common_client.c(824): warning C4244: '+=': conversion from 'uint64_t' to 'std::size_t', possible loss of data
..\..\common\common_client.c(826): warning C4244: 'function': conversion from 'uint64_t' to 'std::size_t', possible loss of data
  common_websocket.c
..\..\common\common_websocket.c(178): warning C4244: 'function': conversion from 'uint64_t' to 'std::size_t', possible loss of data
..\..\common\common_websocket.c(189): warning C4244: 'function': conversion from 'uint64_t' to 'std::size_t', possible loss of data
..\..\common\common_websocket.c(305): warning C4244: 'function': conversion from 'uint64_t' to 'std::size_t', possible loss of data
..\..\common\common_websocket.c(335): warning C4244: 'function': conversion from 'uint64_t' to 'std::size_t', possible loss of data
..\..\common\common_websocket.c(389): warning C4244: 'function': conversion from 'uint64_t' to 'std::size_t', possible loss of data
  Generating code
  16 of 401 functions ( 4.0%) were compiled, the rest were copied from previous compilation.
    0 functions were new in current compilation
    31 functions had inline decision re-evaluated but remain unchanged
  Finished generating code
  postage.vcxproj -> C:\Users\nunzio\Repos\postage\visualstudio\Release\postage.exe
  postage.vcxproj -> C:\Users\nunzio\Repos\postage\visualstudio\Release\postage.pdb (Full PDB)
