c:\users\nunzio tocci\repos\postage\visualstudio\postage\release\posix_win.obj
c:\users\nunzio tocci\repos\postage\visualstudio\postage\release\bsd-asprintf.obj
c:\users\nunzio tocci\repos\postage\visualstudio\postage\release\db_framework.obj
c:\users\nunzio tocci\repos\postage\visualstudio\postage\release\ws_update.obj
c:\users\nunzio tocci\repos\postage\visualstudio\postage\release\ws_select.obj
c:\users\nunzio tocci\repos\postage\visualstudio\postage\release\ws_insert.obj
c:\users\nunzio tocci\repos\postage\visualstudio\postage\release\ws_delete.obj
c:\users\nunzio tocci\repos\postage\visualstudio\postage\release\http_upload.obj
c:\users\nunzio tocci\repos\postage\visualstudio\postage\release\http_main.obj
c:\users\nunzio tocci\repos\postage\visualstudio\postage\release\http_file.obj
c:\users\nunzio tocci\repos\postage\visualstudio\postage\release\http_export.obj
c:\users\nunzio tocci\repos\postage\visualstudio\postage\release\http_ev.obj
c:\users\nunzio tocci\repos\postage\visualstudio\postage\release\http_auth.obj
c:\users\nunzio tocci\repos\postage\visualstudio\postage\release\common_websocket.obj
c:\users\nunzio tocci\repos\postage\visualstudio\postage\release\common_util_sql.obj
c:\users\nunzio tocci\repos\postage\visualstudio\postage\release\common_server.obj
c:\users\nunzio tocci\repos\postage\visualstudio\postage\release\common_main.obj
c:\users\nunzio tocci\repos\postage\visualstudio\postage\release\common_config.obj
c:\users\nunzio tocci\repos\postage\visualstudio\postage\release\common_client.obj
c:\users\nunzio tocci\repos\postage\visualstudio\postage\release\common_auth.obj
c:\users\nunzio tocci\repos\postage\visualstudio\postage\release\util_strptime.obj
c:\users\nunzio tocci\repos\postage\visualstudio\postage\release\util_string.obj
c:\users\nunzio tocci\repos\postage\visualstudio\postage\release\util_sql_split.obj
c:\users\nunzio tocci\repos\postage\visualstudio\postage\release\util_salloc.obj
c:\users\nunzio tocci\repos\postage\visualstudio\postage\release\util_request.obj
c:\users\nunzio tocci\repos\postage\visualstudio\postage\release\util_list.obj
c:\users\nunzio tocci\repos\postage\visualstudio\postage\release\util_ini.obj
c:\users\nunzio tocci\repos\postage\visualstudio\postage\release\util_idle.obj
c:\users\nunzio tocci\repos\postage\visualstudio\postage\release\util_getopt.obj
c:\users\nunzio tocci\repos\postage\visualstudio\postage\release\util_file.obj
c:\users\nunzio tocci\repos\postage\visualstudio\postage\release\util_exec.obj
c:\users\nunzio tocci\repos\postage\visualstudio\postage\release\util_error.obj
c:\users\nunzio tocci\repos\postage\visualstudio\postage\release\util_darray.obj
c:\users\nunzio tocci\repos\postage\visualstudio\postage\release\util_cookie.obj
c:\users\nunzio tocci\repos\postage\visualstudio\postage\release\util_canonical.obj
c:\users\nunzio tocci\repos\postage\visualstudio\postage\release\util_base64.obj
c:\users\nunzio tocci\repos\postage\visualstudio\postage\release\util_aes.obj
c:\users\nunzio tocci\repos\postage\visualstudio\postage\release\ws_tab.obj
c:\users\nunzio tocci\repos\postage\visualstudio\postage\release\ws_raw.obj
c:\users\nunzio tocci\repos\postage\visualstudio\postage\release\postage_callback.obj
c:\users\nunzio tocci\repos\postage\visualstudio\postage\release\vc140.pdb
c:\users\nunzio tocci\repos\postage\visualstudio\release\postage.exe
c:\users\nunzio tocci\repos\postage\visualstudio\release\postage.pdb
c:\users\nunzio tocci\repos\postage\visualstudio\postage\release\postage.tlog\cl.command.1.tlog
c:\users\nunzio tocci\repos\postage\visualstudio\postage\release\postage.tlog\cl.read.1.tlog
c:\users\nunzio tocci\repos\postage\visualstudio\postage\release\postage.tlog\cl.write.1.tlog
c:\users\nunzio tocci\repos\postage\visualstudio\postage\release\postage.tlog\link.command.1.tlog
c:\users\nunzio tocci\repos\postage\visualstudio\postage\release\postage.tlog\link.read.1.tlog
c:\users\nunzio tocci\repos\postage\visualstudio\postage\release\postage.tlog\link.write.1.tlog
